<?xml version="1.0" encoding="UTF-8"?>
<!-- Generated by org.testng.reporters.JUnitXMLReporter -->
<testsuite ignored="4" hostname="LAPTOP-N5N421G9" failures="1" tests="11" name="Test" time="544.345" errors="0" timestamp="19 Aug 2019 11:33:16 GMT">
  <testcase classname="com.crm.qa.TestCases.LoginTestCases" name="homepageLanding" time="15.328"/>
  <testcase classname="com.crm.qa.TestCases.HomeTestCases" name="clickonNewcontact" time="2.775"/>
  <testcase classname="com.crm.qa.TestCases.SignupTestCases" name="Signupdetails" time="3.546"/>
  <testcase classname="com.crm.qa.TestCases.ContactsTestCases" name="click" time="0.159"/>
  <testcase classname="com.crm.qa.TestCases.SignupTestCases" name="registerName" time="14.199"/>
  <testcase classname="com.crm.qa.TestCases.ContactsTestCases" name="TestData" time="5.334"/>
  <testcase classname="com.crm.qa.TestCases.ContactsTestCases" name="TestData" time="8.971"/>
  <testcase classname="com.crm.qa.TestCases.ContactsTestCases" name="TestData" time="57.606">
    <failure type="org.openqa.selenium.NoSuchElementException" message="no such element: Unable to locate element: {&amp;quot;method&amp;quot;:&amp;quot;xpath&amp;quot;,&amp;quot;selector&amp;quot;:&amp;quot;//select[@name=&amp;apos;title&amp;apos;]&amp;quot;}
  (Session info: chrome=76.0.3809.100)
  (Driver info: chromedriver=71.0.3578.137 (86ee722808adfe9e3c92e6e8ea746ade08423c7e),platform=Windows NT 10.0.17134 x86_64) (WARNING: The server did not provide any stacktrace information)
Command duration or timeout: 50.11 seconds
For documentation on this error, please visit: http://seleniumhq.org/exceptions/no_such_element.html
Build info: version: &amp;apos;2.53.0&amp;apos;, revision: &amp;apos;35ae25b1534ae328c771e0856c93e187490ca824&amp;apos;, time: &amp;apos;2016-03-15 10:43:46&amp;apos;
System info: host: &amp;apos;LAPTOP-N5N421G9&amp;apos;, ip: &amp;apos;192.168.0.4&amp;apos;, os.name: &amp;apos;Windows 10&amp;apos;, os.arch: &amp;apos;amd64&amp;apos;, os.version: &amp;apos;10.0&amp;apos;, java.version: &amp;apos;11.0.2&amp;apos;
Driver info: org.openqa.selenium.chrome.ChromeDriver
Capabilities [{mobileEmulationEnabled=false, hasTouchScreen=false, platform=XP, acceptSslCerts=false, goog:chromeOptions={debuggerAddress=localhost:62550}, acceptInsecureCerts=false, webStorageEnabled=true, browserName=chrome, takesScreenshot=true, javascriptEnabled=true, setWindowRect=true, unexpectedAlertBehaviour=, applicationCacheEnabled=false, rotatable=false, networkConnectionEnabled=false, chrome={chromedriverVersion=71.0.3578.137 (86ee722808adfe9e3c92e6e8ea746ade08423c7e), userDataDir=C:\Users\HP\AppData\Local\Temp\scoped_dir1252_31379}, takesHeapSnapshot=true, pageLoadStrategy=normal, databaseEnabled=false, handlesAlerts=true, version=76.0.3809.100, browserConnectionEnabled=false, nativeEvents=true, locationContextEnabled=true, cssSelectorsEnabled=true}]
Session ID: a8d2e9ca4fe8fe0de4aa438acdd17d49
*** Element info: {Using=xpath, value=//select[@name=&amp;apos;title&amp;apos;]}">
      <![CDATA[org.openqa.selenium.NoSuchElementException: no such element: Unable to locate element: {"method":"xpath","selector":"//select[@name='title']"}
  (Session info: chrome=76.0.3809.100)
  (Driver info: chromedriver=71.0.3578.137 (86ee722808adfe9e3c92e6e8ea746ade08423c7e),platform=Windows NT 10.0.17134 x86_64) (WARNING: The server did not provide any stacktrace information)
Command duration or timeout: 50.11 seconds
For documentation on this error, please visit: http://seleniumhq.org/exceptions/no_such_element.html
Build info: version: '2.53.0', revision: '35ae25b1534ae328c771e0856c93e187490ca824', time: '2016-03-15 10:43:46'
System info: host: 'LAPTOP-N5N421G9', ip: '192.168.0.4', os.name: 'Windows 10', os.arch: 'amd64', os.version: '10.0', java.version: '11.0.2'
Driver info: org.openqa.selenium.chrome.ChromeDriver
Capabilities [{mobileEmulationEnabled=false, hasTouchScreen=false, platform=XP, acceptSslCerts=false, goog:chromeOptions={debuggerAddress=localhost:62550}, acceptInsecureCerts=false, webStorageEnabled=true, browserName=chrome, takesScreenshot=true, javascriptEnabled=true, setWindowRect=true, unexpectedAlertBehaviour=, applicationCacheEnabled=false, rotatable=false, networkConnectionEnabled=false, chrome={chromedriverVersion=71.0.3578.137 (86ee722808adfe9e3c92e6e8ea746ade08423c7e), userDataDir=C:\Users\HP\AppData\Local\Temp\scoped_dir1252_31379}, takesHeapSnapshot=true, pageLoadStrategy=normal, databaseEnabled=false, handlesAlerts=true, version=76.0.3809.100, browserConnectionEnabled=false, nativeEvents=true, locationContextEnabled=true, cssSelectorsEnabled=true}]
Session ID: a8d2e9ca4fe8fe0de4aa438acdd17d49
*** Element info: {Using=xpath, value=//select[@name='title']}
at org.openqa.selenium.remote.ErrorHandler.createThrowable(ErrorHandler.java:206)
at org.openqa.selenium.remote.ErrorHandler.throwIfResponseFailed(ErrorHandler.java:158)
at org.openqa.selenium.remote.RemoteWebDriver.execute(RemoteWebDriver.java:678)
at org.openqa.selenium.remote.RemoteWebDriver.findElement(RemoteWebDriver.java:363)
at org.openqa.selenium.remote.RemoteWebDriver.findElementByXPath(RemoteWebDriver.java:500)
at org.openqa.selenium.By$ByXPath.findElement(By.java:361)
at org.openqa.selenium.remote.RemoteWebDriver.findElement(RemoteWebDriver.java:355)
at org.openqa.selenium.support.events.EventFiringWebDriver$2.invoke(EventFiringWebDriver.java:103)
at com.sun.proxy.$Proxy12.findElement(Unknown Source)
at org.openqa.selenium.support.events.EventFiringWebDriver.findElement(EventFiringWebDriver.java:188)
at org.openqa.selenium.support.pagefactory.DefaultElementLocator.findElement(DefaultElementLocator.java:69)
at org.openqa.selenium.support.pagefactory.internal.LocatingElementHandler.invoke(LocatingElementHandler.java:38)
at com.sun.proxy.$Proxy14.getTagName(Unknown Source)
at org.openqa.selenium.support.ui.Select.<init>(Select.java:44)
at com.crm.qa.pages.Contacts.contactsclick(Contacts.java:69)
at com.crm.qa.TestCases.ContactsTestCases.TestData(ContactsTestCases.java:75)
... Removed 32 stack frames]]>
    </failure>
  </testcase> <!-- TestData -->
  <testcase classname="com.crm.qa.TestCases.ContactsTestCases" name="TestData" time="8.146"/>
  <testcase classname="com.crm.qa.TestCases.ContactsTestCases" name="TestData" time="4.69"/>
  <testcase classname="com.crm.qa.TestCases.ContactsTestCases" name="TestData" time="5.47"/>
  <testcase classname="com.crm.qa.TestCases.HomeTestCases" name="contactsButtonTest" time="0.0">
    <ignored/>
  </testcase> <!-- contactsButtonTest -->
  <testcase classname="com.crm.qa.TestCases.HomeTestCases" name="clickHomebutton" time="0.0">
    <ignored/>
  </testcase> <!-- clickHomebutton -->
  <testcase classname="com.crm.qa.TestCases.ContactsTestCases" name="contactspage" time="0.0">
    <ignored/>
  </testcase> <!-- contactspage -->
  <testcase classname="com.crm.qa.TestCases.HomeTestCases" name="homePageVerification" time="0.0">
    <ignored/>
  </testcase> <!-- homePageVerification -->
</testsuite> <!-- Test -->
